<?xml version="1.0" encoding="UTF-8"?>
<!-- Generated by org.testng.reporters.JUnitXMLReporter -->
<testsuite ignored="8" hostname="Vigneshwaran" failures="0" tests="1" name="Test" time="9.095" errors="0" timestamp="2024-04-30T16:02:13 IST">
  <testcase classname="testScripts.Invocation_ThreadpoolTest" name="register" time="8.97"/>
  <testcase classname="testScripts.Priority_Dependson_Test" name="payMent" time="0.0">
    <ignored/>
  </testcase> <!-- payMent -->
  <testcase classname="testScripts.Invocation_ThreadpoolTest" name="login" time="0.0">
    <ignored/>
  </testcase> <!-- login -->
  <testcase classname="testScripts.Priority_Dependson_Test" name="addTocart" time="0.0">
    <ignored/>
  </testcase> <!-- addTocart -->
  <testcase classname="testScripts.Priority_Dependson_Test" name="login" time="0.0">
    <ignored/>
  </testcase> <!-- login -->
  <testcase classname="testScripts.Invocation_ThreadpoolTest" name="addTocart" time="0.0">
    <ignored/>
  </testcase> <!-- addTocart -->
  <testcase classname="testScripts.Priority_Dependson_Test" name="register" time="0.0">
    <ignored/>
  </testcase> <!-- register -->
  <testcase classname="testScripts.BooksTest" name="books_001" time="0.0">
    <ignored/>
  </testcase> <!-- books_001 -->
  <testcase classname="testScripts.Invocation_ThreadpoolTest" name="payMent" time="0.0">
    <ignored/>
  </testcase> <!-- payMent -->
</testsuite> <!-- Test -->
